TN:
SF:javascript/cloneArray.js
FN:1,cloneArray
FNF:1
FNH:1
FNDA:1,cloneArray
DA:1,1
DA:2,1
DA:3,1
DA:4,1
DA:5,1
LF:5
LH:5
BRDA:1,0,0,1
BRF:1
BRH:1
end_of_record
TN:
SF:javascript/functions.js
FN:3,sum
FN:6,sub
FN:9,copyArray
FNF:3
FNH:3
FNDA:1,sum
FNDA:1,sub
FNDA:1,copyArray
DA:1,1
DA:2,1
DA:3,1
DA:4,1
DA:5,1
DA:6,1
DA:7,1
DA:8,1
DA:9,1
DA:10,1
DA:11,1
DA:12,1
DA:13,1
DA:14,1
LF:14
LH:14
BRDA:3,0,0,1
BRDA:6,1,0,1
BRDA:9,2,0,1
BRF:3
BRH:3
end_of_record
TN:
SF:javascript/sub.js
FN:1,sub
FNF:1
FNH:1
FNDA:1,sub
DA:1,1
DA:2,1
DA:3,1
DA:4,1
DA:5,1
LF:5
LH:5
BRDA:1,0,0,1
BRF:1
BRH:1
end_of_record
TN:
SF:javascript/sum.js
FN:1,sum
FNF:1
FNH:1
FNDA:1,sum
DA:1,1
DA:2,1
DA:3,1
DA:4,1
DA:5,1
LF:5
LH:5
BRDA:1,0,0,1
BRF:1
BRH:1
end_of_record
